{"/Users/drochefort/Documents/workspace/pwa/image-gallery-app/dist/dev/image-gallery.js":{"path":"/Users/drochefort/Documents/workspace/pwa/image-gallery-app/dist/dev/image-gallery.js","s":{"1":1,"2":1,"3":1,"4":19,"5":7,"6":12,"7":12,"8":12,"9":12,"10":1,"11":1,"12":1,"13":54,"14":54,"15":1,"16":11,"17":11,"18":11,"19":1,"20":0,"21":0,"22":0,"23":0,"24":0,"25":0,"26":0,"27":0,"28":0,"29":0,"30":0,"31":0,"32":0,"33":0,"34":1,"35":5,"36":0,"37":0,"38":5,"39":5,"40":1,"41":54,"42":1,"43":1,"44":1,"45":1,"46":1,"47":1,"48":1,"49":1,"50":1,"51":1,"52":1,"53":1,"54":1,"55":1},"b":{"1":[7,12],"2":[54,0],"3":[11,0],"4":[11,11],"5":[0,0],"6":[0,0],"7":[0,0],"8":[0,0,0,0],"9":[0,0],"10":[0,0],"11":[0,5],"12":[5,5]},"f":{"1":1,"2":19,"3":54,"4":11,"5":0,"6":0,"7":5,"8":0,"9":0,"10":54,"11":1,"12":1,"13":1,"14":1,"15":1,"16":1,"17":1,"18":1,"19":1,"20":1,"21":1,"22":1},"fnMap":{"1":{"name":"(anonymous_1)","line":1,"loc":{"start":{"line":1,"column":10},"end":{"line":1,"column":28}}},"2":{"name":"__webpack_require__","line":6,"loc":{"start":{"line":6,"column":10},"end":{"line":6,"column":49}}},"3":{"name":"(anonymous_3)","line":37,"loc":{"start":{"line":37,"column":34},"end":{"line":37,"column":66}}},"4":{"name":"(anonymous_4)","line":44,"loc":{"start":{"line":44,"column":34},"end":{"line":44,"column":52}}},"5":{"name":"(anonymous_5)","line":56,"loc":{"start":{"line":56,"column":34},"end":{"line":56,"column":56}}},"6":{"name":"(anonymous_6)","line":63,"loc":{"start":{"line":63,"column":105},"end":{"line":63,"column":119}}},"7":{"name":"(anonymous_7)","line":68,"loc":{"start":{"line":68,"column":34},"end":{"line":68,"column":51}}},"8":{"name":"getDefault","line":70,"loc":{"start":{"line":70,"column":12},"end":{"line":70,"column":34}}},"9":{"name":"getModuleExports","line":71,"loc":{"start":{"line":71,"column":12},"end":{"line":71,"column":40}}},"10":{"name":"(anonymous_10)","line":77,"loc":{"start":{"line":77,"column":34},"end":{"line":77,"column":61}}},"11":{"name":"(anonymous_11)","line":94,"loc":{"start":{"line":94,"column":7},"end":{"line":94,"column":66}}},"12":{"name":"(anonymous_12)","line":106,"loc":{"start":{"line":106,"column":7},"end":{"line":106,"column":66}}},"13":{"name":"(anonymous_13)","line":118,"loc":{"start":{"line":118,"column":7},"end":{"line":118,"column":66}}},"14":{"name":"(anonymous_14)","line":130,"loc":{"start":{"line":130,"column":7},"end":{"line":130,"column":66}}},"15":{"name":"(anonymous_15)","line":142,"loc":{"start":{"line":142,"column":7},"end":{"line":142,"column":33}}},"16":{"name":"(anonymous_16)","line":153,"loc":{"start":{"line":153,"column":7},"end":{"line":153,"column":66}}},"17":{"name":"(anonymous_17)","line":165,"loc":{"start":{"line":165,"column":7},"end":{"line":165,"column":66}}},"18":{"name":"(anonymous_18)","line":177,"loc":{"start":{"line":177,"column":7},"end":{"line":177,"column":66}}},"19":{"name":"(anonymous_19)","line":189,"loc":{"start":{"line":189,"column":7},"end":{"line":189,"column":66}}},"20":{"name":"(anonymous_20)","line":201,"loc":{"start":{"line":201,"column":7},"end":{"line":201,"column":66}}},"21":{"name":"(anonymous_21)","line":213,"loc":{"start":{"line":213,"column":7},"end":{"line":213,"column":66}}},"22":{"name":"(anonymous_22)","line":225,"loc":{"start":{"line":225,"column":7},"end":{"line":225,"column":66}}}},"statementMap":{"1":{"start":{"line":1,"column":9},"end":{"line":232,"column":12}},"2":{"start":{"line":3,"column":10},"end":{"line":3,"column":36}},"3":{"start":{"line":6,"column":10},"end":{"line":27,"column":11}},"4":{"start":{"line":9,"column":11},"end":{"line":11,"column":12}},"5":{"start":{"line":10,"column":12},"end":{"line":10,"column":54}},"6":{"start":{"line":13,"column":11},"end":{"line":17,"column":13}},"7":{"start":{"line":20,"column":11},"end":{"line":20,"column":95}},"8":{"start":{"line":23,"column":11},"end":{"line":23,"column":27}},"9":{"start":{"line":26,"column":11},"end":{"line":26,"column":33}},"10":{"start":{"line":31,"column":10},"end":{"line":31,"column":42}},"11":{"start":{"line":34,"column":10},"end":{"line":34,"column":51}},"12":{"start":{"line":37,"column":10},"end":{"line":41,"column":12}},"13":{"start":{"line":38,"column":11},"end":{"line":40,"column":12}},"14":{"start":{"line":39,"column":12},"end":{"line":39,"column":84}},"15":{"start":{"line":44,"column":10},"end":{"line":49,"column":12}},"16":{"start":{"line":45,"column":11},"end":{"line":47,"column":12}},"17":{"start":{"line":46,"column":12},"end":{"line":46,"column":84}},"18":{"start":{"line":48,"column":11},"end":{"line":48,"column":73}},"19":{"start":{"line":56,"column":10},"end":{"line":65,"column":12}},"20":{"start":{"line":57,"column":11},"end":{"line":57,"column":59}},"21":{"start":{"line":57,"column":24},"end":{"line":57,"column":59}},"22":{"start":{"line":58,"column":11},"end":{"line":58,"column":37}},"23":{"start":{"line":58,"column":24},"end":{"line":58,"column":37}},"24":{"start":{"line":59,"column":11},"end":{"line":59,"column":97}},"25":{"start":{"line":59,"column":84},"end":{"line":59,"column":97}},"26":{"start":{"line":60,"column":11},"end":{"line":60,"column":40}},"27":{"start":{"line":61,"column":11},"end":{"line":61,"column":37}},"28":{"start":{"line":62,"column":11},"end":{"line":62,"column":84}},"29":{"start":{"line":63,"column":11},"end":{"line":63,"column":159}},"30":{"start":{"line":63,"column":52},"end":{"line":63,"column":159}},"31":{"start":{"line":63,"column":74},"end":{"line":63,"column":159}},"32":{"start":{"line":63,"column":121},"end":{"line":63,"column":139}},"33":{"start":{"line":64,"column":11},"end":{"line":64,"column":21}},"34":{"start":{"line":68,"column":10},"end":{"line":74,"column":12}},"35":{"start":{"line":69,"column":11},"end":{"line":71,"column":59}},"36":{"start":{"line":70,"column":36},"end":{"line":70,"column":61}},"37":{"start":{"line":71,"column":42},"end":{"line":71,"column":56}},"38":{"start":{"line":72,"column":11},"end":{"line":72,"column":54}},"39":{"start":{"line":73,"column":11},"end":{"line":73,"column":25}},"40":{"start":{"line":77,"column":10},"end":{"line":77,"column":128}},"41":{"start":{"line":77,"column":63},"end":{"line":77,"column":125}},"42":{"start":{"line":80,"column":10},"end":{"line":80,"column":37}},"43":{"start":{"line":84,"column":10},"end":{"line":84,"column":98}},"44":{"start":{"line":97,"column":0},"end":{"line":97,"column":11767}},"45":{"start":{"line":109,"column":0},"end":{"line":109,"column":19647}},"46":{"start":{"line":121,"column":0},"end":{"line":121,"column":8569}},"47":{"start":{"line":133,"column":0},"end":{"line":133,"column":6835}},"48":{"start":{"line":144,"column":0},"end":{"line":144,"column":679}},"49":{"start":{"line":156,"column":0},"end":{"line":156,"column":2503}},"50":{"start":{"line":168,"column":0},"end":{"line":168,"column":2977}},"51":{"start":{"line":180,"column":0},"end":{"line":180,"column":7073}},"52":{"start":{"line":192,"column":0},"end":{"line":192,"column":5539}},"53":{"start":{"line":204,"column":0},"end":{"line":204,"column":7156}},"54":{"start":{"line":216,"column":0},"end":{"line":216,"column":29106}},"55":{"start":{"line":228,"column":0},"end":{"line":228,"column":4221}}},"branchMap":{"1":{"line":9,"type":"if","locations":[{"start":{"line":9,"column":11},"end":{"line":9,"column":11}},{"start":{"line":9,"column":11},"end":{"line":9,"column":11}}]},"2":{"line":38,"type":"if","locations":[{"start":{"line":38,"column":11},"end":{"line":38,"column":11}},{"start":{"line":38,"column":11},"end":{"line":38,"column":11}}]},"3":{"line":45,"type":"if","locations":[{"start":{"line":45,"column":11},"end":{"line":45,"column":11}},{"start":{"line":45,"column":11},"end":{"line":45,"column":11}}]},"4":{"line":45,"type":"binary-expr","locations":[{"start":{"line":45,"column":14},"end":{"line":45,"column":43}},{"start":{"line":45,"column":47},"end":{"line":45,"column":65}}]},"5":{"line":57,"type":"if","locations":[{"start":{"line":57,"column":11},"end":{"line":57,"column":11}},{"start":{"line":57,"column":11},"end":{"line":57,"column":11}}]},"6":{"line":58,"type":"if","locations":[{"start":{"line":58,"column":11},"end":{"line":58,"column":11}},{"start":{"line":58,"column":11},"end":{"line":58,"column":11}}]},"7":{"line":59,"type":"if","locations":[{"start":{"line":59,"column":11},"end":{"line":59,"column":11}},{"start":{"line":59,"column":11},"end":{"line":59,"column":11}}]},"8":{"line":59,"type":"binary-expr","locations":[{"start":{"line":59,"column":15},"end":{"line":59,"column":23}},{"start":{"line":59,"column":28},"end":{"line":59,"column":53}},{"start":{"line":59,"column":57},"end":{"line":59,"column":62}},{"start":{"line":59,"column":66},"end":{"line":59,"column":82}}]},"9":{"line":63,"type":"if","locations":[{"start":{"line":63,"column":11},"end":{"line":63,"column":11}},{"start":{"line":63,"column":11},"end":{"line":63,"column":11}}]},"10":{"line":63,"type":"binary-expr","locations":[{"start":{"line":63,"column":14},"end":{"line":63,"column":22}},{"start":{"line":63,"column":26},"end":{"line":63,"column":50}}]},"11":{"line":69,"type":"cond-expr","locations":[{"start":{"line":70,"column":12},"end":{"line":70,"column":63}},{"start":{"line":71,"column":12},"end":{"line":71,"column":58}}]},"12":{"line":69,"type":"binary-expr","locations":[{"start":{"line":69,"column":24},"end":{"line":69,"column":30}},{"start":{"line":69,"column":34},"end":{"line":69,"column":51}}]}}}}